2023.03.07 21:45:36 INFO  Started: Metals version 0.11.11 in workspace '/home/vincebae/.config/nvim' for client Neovim 0.8.3.[0m
SLF4J: No SLF4J providers were found.
SLF4J: Defaulting to no-operation (NOP) logger implementation
SLF4J: See https://www.slf4j.org/codes.html#noProviders for further details.
SLF4J: Class path contains SLF4J bindings targeting slf4j-api versions 1.7.x or earlier.
SLF4J: Ignoring binding found at [jar:file:/home/vincebae/.cache/coursier/v1/https/repo1.maven.org/maven2/com/outr/scribe-slf4j_2.13/3.11.0/scribe-slf4j_2.13-3.11.0.jar!/org/slf4j/impl/StaticLoggerBinder.class]
SLF4J: See https://www.slf4j.org/codes.html#ignoredBindings for an explanation.
2023.03.07 21:45:36 INFO  time: initialize in 0.31s[0m
2023.03.07 21:45:36 WARN  Build server is not auto-connectable.[0m
2023.03.07 21:45:36 WARN  no build tool detected in workspace '/home/vincebae/.config/nvim'. The most common cause for this problem is that the editor was opened in the wrong working directory, for example if you use sbt then the workspace directory should contain build.sbt. [0m
Mar 07, 2023 9:49:56 PM org.eclipse.lsp4j.jsonrpc.RemoteEndpoint handleCancellation
WARNING: Unmatched cancel notification for request id 2
2023.03.07 21:49:58 INFO  Shutting down server[0m
2023.03.07 21:49:58 INFO  shutting down Metals[0m
2023.03.12 00:35:15 INFO  Started: Metals version 0.11.11 in workspace '/home/vincebae/.config/nvim' for client Neovim 0.8.3.[0m
SLF4J: No SLF4J providers were found.
SLF4J: Defaulting to no-operation (NOP) logger implementation
SLF4J: See https://www.slf4j.org/codes.html#noProviders for further details.
SLF4J: Class path contains SLF4J bindings targeting slf4j-api versions 1.7.x or earlier.
SLF4J: Ignoring binding found at [jar:file:/home/vincebae/.cache/coursier/v1/https/repo1.maven.org/maven2/com/outr/scribe-slf4j_2.13/3.11.0/scribe-slf4j_2.13-3.11.0.jar!/org/slf4j/impl/StaticLoggerBinder.class]
SLF4J: See https://www.slf4j.org/codes.html#ignoredBindings for an explanation.
2023.03.12 00:35:15 INFO  time: initialize in 0.37s[0m
2023.03.12 00:35:16 WARN  Build server is not auto-connectable.[0m
2023.03.12 00:35:16 WARN  no build tool detected in workspace '/home/vincebae/.config/nvim'. The most common cause for this problem is that the editor was opened in the wrong working directory, for example if you use sbt then the workspace directory should contain build.sbt. [0m
2023.03.12 00:35:31 INFO  Shutting down server[0m
2023.03.12 00:35:31 INFO  shutting down Metals[0m
